<?xml version="1.0" encoding="UTF-8"?>
<!-- Generated by org.testng.reporters.JUnitReportReporter -->
<testsuite hostname="NJPARLP0694820" name="sampleClass" tests="1" failures="0" timestamp="5 Dec 2018 17:48:53 GMT" time="10.997" errors="0">
  <testcase name="sampleTest" time="10.997" classname="sampleClass"/>
</testsuite> <!-- sampleClass -->
